# Design Explorer: Shortcut to "C:\Users\Acer\Desktop\GitHub\ElectroIII\tpf-grupo-3\Radiant\Pong\fszfv\fszfv.aws" design added.
designverincludedir -clear
designverlibrarysim -PL -clear
designverlibrarysim -L -clear
designverlibrarysim ovi_ice40up
designverdefinemacro -clear
addfile C:/lscc/radiant/1.1/ip/pmi/pmi_iCE40UP.v
# Adding file C:\lscc\radiant\1.1\ip\pmi\pmi_iCE40UP.v ... Done
addfile C:/Users/Acer/Desktop/GitHub/ElectroIII/tpf-grupo-3/Radiant/Pong/Collisions/BallCollisionController.v
# Adding file C:\Users\Acer\Desktop\GitHub\ElectroIII\tpf-grupo-3\Radiant\Pong\Collisions\BallCollisionController.v ... Done
addfile C:/Users/Acer/Desktop/GitHub/ElectroIII/tpf-grupo-3/Radiant/Pong/Collisions/CollisionController.v
# Adding file C:\Users\Acer\Desktop\GitHub\ElectroIII\tpf-grupo-3\Radiant\Pong\Collisions\CollisionController.v ... Done
addfile C:/Users/Acer/Desktop/GitHub/ElectroIII/tpf-grupo-3/Radiant/Pong/GameTickGenerator/GameTickGenerator.v
# Adding file C:\Users\Acer\Desktop\GitHub\ElectroIII\tpf-grupo-3\Radiant\Pong\GameTickGenerator\GameTickGenerator.v ... Done
addfile C:/Users/Acer/Desktop/GitHub/ElectroIII/tpf-grupo-3/Radiant/Pong/DisplayController/PaddleModule.v
# Adding file C:\Users\Acer\Desktop\GitHub\ElectroIII\tpf-grupo-3\Radiant\Pong\DisplayController\PaddleModule.v ... Done
addfile C:/Users/Acer/Desktop/GitHub/ElectroIII/tpf-grupo-3/Radiant/Pong/DisplayController/BallModule.v
# Adding file C:\Users\Acer\Desktop\GitHub\ElectroIII\tpf-grupo-3\Radiant\Pong\DisplayController\BallModule.v ... Done
addfile C:/Users/Acer/Desktop/GitHub/ElectroIII/tpf-grupo-3/Radiant/Pong/DisplayController/TableModule.v
# Adding file C:\Users\Acer\Desktop\GitHub\ElectroIII\tpf-grupo-3\Radiant\Pong\DisplayController\TableModule.v ... Done
addfile C:/Users/Acer/Desktop/GitHub/ElectroIII/tpf-grupo-3/Radiant/Pong/DisplayController/DisplayController.v
# Adding file C:\Users\Acer\Desktop\GitHub\ElectroIII\tpf-grupo-3\Radiant\Pong\DisplayController\DisplayController.v ... Done
addfile C:/Users/Acer/Desktop/GitHub/ElectroIII/tpf-grupo-3/Radiant/Pong/VGAController/VSync_Counter.v
# Adding file C:\Users\Acer\Desktop\GitHub\ElectroIII\tpf-grupo-3\Radiant\Pong\VGAController\VSync_Counter.v ... Done
addfile C:/Users/Acer/Desktop/GitHub/ElectroIII/tpf-grupo-3/Radiant/Pong/VGAController/HSync_Counter.v
# Adding file C:\Users\Acer\Desktop\GitHub\ElectroIII\tpf-grupo-3\Radiant\Pong\VGAController\HSync_Counter.v ... Done
addfile C:/Users/Acer/Desktop/GitHub/ElectroIII/tpf-grupo-3/Radiant/Pong/VGAController/Controller.v
# Adding file C:\Users\Acer\Desktop\GitHub\ElectroIII\tpf-grupo-3\Radiant\Pong\VGAController\Controller.v ... Done
addfile C:/Users/Acer/Desktop/GitHub/ElectroIII/tpf-grupo-3/Radiant/Pong/pll/rtl/pll.v
# Adding file C:\Users\Acer\Desktop\GitHub\ElectroIII\tpf-grupo-3\Radiant\Pong\pll\rtl\pll.v ... Done
addfile C:/Users/Acer/Desktop/GitHub/ElectroIII/tpf-grupo-3/Radiant/Pong/Pong.v
# Adding file C:\Users\Acer\Desktop\GitHub\ElectroIII\tpf-grupo-3\Radiant\Pong\Pong.v ... Done
addfile C:/Users/Acer/Desktop/GitHub/ElectroIII/tpf-grupo-3/Radiant/Pong/Collisions/PaddleCollisionController.v
# Adding file C:\Users\Acer\Desktop\GitHub\ElectroIII\tpf-grupo-3\Radiant\Pong\Collisions\PaddleCollisionController.v ... Done
vlib C:/Users/Acer/Desktop/GitHub/ElectroIII/tpf-grupo-3/Radiant/Pong/fszfv/work
# Adding library O.K.
adel -all
# Library contents cleared.
vlib pmi
# Adding library O.K.
vcom -work pmi C:/lscc/radiant/1.1/ip/pmi/pmi_iCE40UP.vhd
# Warning: DAGGEN_0523: The source is compiled without the -dbg switch. Line breakpoints and assertion debug will not be available.
# File: C:\lscc\radiant\1.1\ip\pmi\pmi_iCE40UP.vhd
# Compile Package "components"
# Compile success 0 Errors 0 Warnings  Analysis time :  79.0 [ms]
vlog -dbg -work work C:/lscc/radiant/1.1/ip/pmi/pmi_iCE40UP.v
# Pass 1. Scanning modules hierarchy.
# Pass 2. Processing instantiations.
# Pass 3. Processing behavioral statements.
# ELB/DAG code generating.
# Unit top modules: pmi_addsub pmi_add pmi_complex_mult pmi_counter pmi_fifo pmi_fifo_dc pmi_mac pmi_multaddsubsum pmi_multaddsub pmi_mult pmi_ram_dp pmi_ram_dq pmi_rom pmi_sub pmi_ram_dp_be pmi_ram_dq_be pmi_dsp.
# $root top modules: pmi_addsub pmi_add pmi_complex_mult pmi_counter pmi_fifo pmi_fifo_dc pmi_mac pmi_multaddsubsum pmi_multaddsub pmi_mult pmi_ram_dp pmi_ram_dq pmi_rom pmi_sub pmi_ram_dp_be pmi_ram_dq_be pmi_dsp.
# Compile success 0 Errors 0 Warnings  Analysis time: 1[s].
# done
vlog -dbg -work work C:/Users/Acer/Desktop/GitHub/ElectroIII/tpf-grupo-3/Radiant/Pong/Collisions/BallCollisionController.v
# Pass 1. Scanning modules hierarchy.
# Info: VCP2113 Module \$root found in current working library.
# Pass 2. Processing instantiations.
# Pass 3. Processing behavioral statements.
# ELB/DAG code generating.
# Info: VCP2113 Module \$root found in current working library.
# Unit top modules: BallCollisionController.
# $root top modules: pmi_addsub pmi_add pmi_complex_mult pmi_counter pmi_fifo pmi_fifo_dc pmi_mac pmi_multaddsubsum pmi_multaddsub pmi_mult pmi_ram_dp pmi_ram_dq pmi_rom pmi_sub pmi_ram_dp_be pmi_ram_dq_be pmi_dsp BallCollisionController.
# Compile success 0 Errors 0 Warnings  Analysis time: 0[s].
# done
vlog -dbg -work work C:/Users/Acer/Desktop/GitHub/ElectroIII/tpf-grupo-3/Radiant/Pong/Collisions/CollisionController.v
# Pass 1. Scanning modules hierarchy.
# Info: VCP2113 Module \$root found in current working library.
# Info: VCP2113 Module BallCollisionController found in current working library.
# Pass 2. Processing instantiations.
# Pass 3. Processing behavioral statements.
# ELB/DAG code generating.
# Info: VCP2113 Module \$root found in current working library.
# Unit top modules: CollisionController.
# $root top modules: pmi_addsub pmi_add pmi_complex_mult pmi_counter pmi_fifo pmi_fifo_dc pmi_mac pmi_multaddsubsum pmi_multaddsub pmi_mult pmi_ram_dp pmi_ram_dq pmi_rom pmi_sub pmi_ram_dp_be pmi_ram_dq_be pmi_dsp CollisionController.
# Compile success 0 Errors 0 Warnings  Analysis time: 0[s].
# done
vlog -dbg -work work C:/Users/Acer/Desktop/GitHub/ElectroIII/tpf-grupo-3/Radiant/Pong/GameTickGenerator/GameTickGenerator.v
# Pass 1. Scanning modules hierarchy.
# Info: VCP2113 Module \$root found in current working library.
# Pass 2. Processing instantiations.
# Pass 3. Processing behavioral statements.
# ELB/DAG code generating.
# Info: VCP2113 Module \$root found in current working library.
# Unit top modules: GameTickGen.
# $root top modules: pmi_addsub pmi_add pmi_complex_mult pmi_counter pmi_fifo pmi_fifo_dc pmi_mac pmi_multaddsubsum pmi_multaddsub pmi_mult pmi_ram_dp pmi_ram_dq pmi_rom pmi_sub pmi_ram_dp_be pmi_ram_dq_be pmi_dsp CollisionController GameTickGen.
# Compile success 0 Errors 0 Warnings  Analysis time: 1[s].
# done
vlog -dbg -work work C:/Users/Acer/Desktop/GitHub/ElectroIII/tpf-grupo-3/Radiant/Pong/DisplayController/PaddleModule.v
# Pass 1. Scanning modules hierarchy.
# Info: VCP2113 Module \$root found in current working library.
# Pass 2. Processing instantiations.
# Pass 3. Processing behavioral statements.
# ELB/DAG code generating.
# Info: VCP2113 Module \$root found in current working library.
# Unit top modules: Display_Paddle_Module.
# $root top modules: pmi_addsub pmi_add pmi_complex_mult pmi_counter pmi_fifo pmi_fifo_dc pmi_mac pmi_multaddsubsum pmi_multaddsub pmi_mult pmi_ram_dp pmi_ram_dq pmi_rom pmi_sub pmi_ram_dp_be pmi_ram_dq_be pmi_dsp CollisionController GameTickGen Display_Paddle_Module.
# Compile success 0 Errors 0 Warnings  Analysis time: 0[s].
# done
vlog -dbg -work work C:/Users/Acer/Desktop/GitHub/ElectroIII/tpf-grupo-3/Radiant/Pong/DisplayController/BallModule.v
# Pass 1. Scanning modules hierarchy.
# Info: VCP2113 Module \$root found in current working library.
# Pass 2. Processing instantiations.
# Pass 3. Processing behavioral statements.
# ELB/DAG code generating.
# Info: VCP2113 Module \$root found in current working library.
# Unit top modules: Display_Ball_Module.
# $root top modules: pmi_addsub pmi_add pmi_complex_mult pmi_counter pmi_fifo pmi_fifo_dc pmi_mac pmi_multaddsubsum pmi_multaddsub pmi_mult pmi_ram_dp pmi_ram_dq pmi_rom pmi_sub pmi_ram_dp_be pmi_ram_dq_be pmi_dsp CollisionController GameTickGen Display_Paddle_Module Display_Ball_Module.
# Compile success 0 Errors 0 Warnings  Analysis time: 0[s].
# done
vlog -dbg -work work C:/Users/Acer/Desktop/GitHub/ElectroIII/tpf-grupo-3/Radiant/Pong/DisplayController/TableModule.v
# Pass 1. Scanning modules hierarchy.
# Info: VCP2113 Module \$root found in current working library.
# Pass 2. Processing instantiations.
# Pass 3. Processing behavioral statements.
# ELB/DAG code generating.
# Info: VCP2113 Module \$root found in current working library.
# Unit top modules: Display_Table_Module.
# $root top modules: pmi_addsub pmi_add pmi_complex_mult pmi_counter pmi_fifo pmi_fifo_dc pmi_mac pmi_multaddsubsum pmi_multaddsub pmi_mult pmi_ram_dp pmi_ram_dq pmi_rom pmi_sub pmi_ram_dp_be pmi_ram_dq_be pmi_dsp CollisionController GameTickGen Display_Paddle_Module Display_Ball_Module Display_Table_Module.
# Compile success 0 Errors 0 Warnings  Analysis time: 0[s].
# done
vlog -dbg -work work C:/Users/Acer/Desktop/GitHub/ElectroIII/tpf-grupo-3/Radiant/Pong/DisplayController/DisplayController.v
# Pass 1. Scanning modules hierarchy.
# Info: VCP2113 Module \$root found in current working library.
# Info: VCP2113 Module Display_Table_Module found in current working library.
# Info: VCP2113 Module Display_Ball_Module found in current working library.
# Info: VCP2113 Module Display_Paddle_Module found in current working library.
# Pass 2. Processing instantiations.
# Info: VCP2876 DisplayController/DisplayController.v : (27, 99): Implicit net declaration, symbol pixval_tabledriven has not been declared in module DisplayController.
# Info: VCP2876 DisplayController/DisplayController.v : (28, 102): Implicit net declaration, symbol pixval_balldriven has not been declared in module DisplayController.
# Info: VCP2876 DisplayController/DisplayController.v : (29, 120): Implicit net declaration, symbol pixval_paddleAdriven has not been declared in module DisplayController.
# Info: VCP2876 DisplayController/DisplayController.v : (30, 120): Implicit net declaration, symbol pixval_paddleBdriven has not been declared in module DisplayController.
# Pass 3. Processing behavioral statements.
# ELB/DAG code generating.
# Info: VCP2113 Module \$root found in current working library.
# Unit top modules: DisplayController.
# $root top modules: pmi_addsub pmi_add pmi_complex_mult pmi_counter pmi_fifo pmi_fifo_dc pmi_mac pmi_multaddsubsum pmi_multaddsub pmi_mult pmi_ram_dp pmi_ram_dq pmi_rom pmi_sub pmi_ram_dp_be pmi_ram_dq_be pmi_dsp CollisionController GameTickGen DisplayController.
# Compile success 0 Errors 0 Warnings  Analysis time: 0[s].
# done
vlog -dbg -work work C:/Users/Acer/Desktop/GitHub/ElectroIII/tpf-grupo-3/Radiant/Pong/VGAController/VSync_Counter.v
# Pass 1. Scanning modules hierarchy.
# Info: VCP2113 Module \$root found in current working library.
# Pass 2. Processing instantiations.
# Pass 3. Processing behavioral statements.
# ELB/DAG code generating.
# Info: VCP2113 Module \$root found in current working library.
# Unit top modules: VSync_Counter.
# $root top modules: pmi_addsub pmi_add pmi_complex_mult pmi_counter pmi_fifo pmi_fifo_dc pmi_mac pmi_multaddsubsum pmi_multaddsub pmi_mult pmi_ram_dp pmi_ram_dq pmi_rom pmi_sub pmi_ram_dp_be pmi_ram_dq_be pmi_dsp CollisionController GameTickGen DisplayController VSync_Counter.
# Compile success 0 Errors 0 Warnings  Analysis time: 0[s].
# done
vlog -dbg -work work C:/Users/Acer/Desktop/GitHub/ElectroIII/tpf-grupo-3/Radiant/Pong/VGAController/HSync_Counter.v
# Pass 1. Scanning modules hierarchy.
# Info: VCP2113 Module \$root found in current working library.
# Pass 2. Processing instantiations.
# Pass 3. Processing behavioral statements.
# ELB/DAG code generating.
# Info: VCP2113 Module \$root found in current working library.
# Unit top modules: HSync_Counter.
# $root top modules: pmi_addsub pmi_add pmi_complex_mult pmi_counter pmi_fifo pmi_fifo_dc pmi_mac pmi_multaddsubsum pmi_multaddsub pmi_mult pmi_ram_dp pmi_ram_dq pmi_rom pmi_sub pmi_ram_dp_be pmi_ram_dq_be pmi_dsp CollisionController GameTickGen DisplayController VSync_Counter HSync_Counter.
# Compile success 0 Errors 0 Warnings  Analysis time: 0[s].
# done
vlog -dbg -work work C:/Users/Acer/Desktop/GitHub/ElectroIII/tpf-grupo-3/Radiant/Pong/VGAController/Controller.v
# Pass 1. Scanning modules hierarchy.
# Info: VCP2113 Module \$root found in current working library.
# Info: VCP2113 Module HSync_Counter found in current working library.
# Info: VCP2113 Module VSync_Counter found in current working library.
# Pass 2. Processing instantiations.
# Pass 3. Processing behavioral statements.
# ELB/DAG code generating.
# Info: VCP2113 Module \$root found in current working library.
# Unit top modules: VGAController.
# $root top modules: pmi_addsub pmi_add pmi_complex_mult pmi_counter pmi_fifo pmi_fifo_dc pmi_mac pmi_multaddsubsum pmi_multaddsub pmi_mult pmi_ram_dp pmi_ram_dq pmi_rom pmi_sub pmi_ram_dp_be pmi_ram_dq_be pmi_dsp CollisionController GameTickGen DisplayController VGAController.
# Compile success 0 Errors 0 Warnings  Analysis time: 0[s].
# done
vlog -dbg -work work C:/Users/Acer/Desktop/GitHub/ElectroIII/tpf-grupo-3/Radiant/Pong/pll/rtl/pll.v
# Pass 1. Scanning modules hierarchy.
# Info: VCP2113 Module \$root found in current working library.
# Pass 2. Processing instantiations.
# Pass 3. Processing behavioral statements.
# ELB/DAG code generating.
# Info: VCP2113 Module \$root found in current working library.
# Unit top modules: pll.
# $root top modules: pmi_addsub pmi_add pmi_complex_mult pmi_counter pmi_fifo pmi_fifo_dc pmi_mac pmi_multaddsubsum pmi_multaddsub pmi_mult pmi_ram_dp pmi_ram_dq pmi_rom pmi_sub pmi_ram_dp_be pmi_ram_dq_be pmi_dsp CollisionController GameTickGen DisplayController VGAController pll.
# Compile success 0 Errors 0 Warnings  Analysis time: 0[s].
# done
vlog -dbg -work work C:/Users/Acer/Desktop/GitHub/ElectroIII/tpf-grupo-3/Radiant/Pong/Pong.v
# Pass 1. Scanning modules hierarchy.
# Info: VCP2113 Module \$root found in current working library.
# Info: VCP2113 Module pll found in current working library.
# Info: VCP2113 Module VGAController found in current working library.
# Info: VCP2113 Module DisplayController found in current working library.
# Info: VCP2113 Module GameTickGen found in current working library.
# Info: VCP2113 Module CollisionController found in current working library.
# Pass 2. Processing instantiations.
# Info: VCP2876 Pong.v : (44, 43): Implicit net declaration, symbol game_clk has not been declared in module pong.
# Pass 3. Processing behavioral statements.
# ELB/DAG code generating.
# Info: VCP2113 Module \$root found in current working library.
# Unit top modules: pong.
# $root top modules: pmi_addsub pmi_add pmi_complex_mult pmi_counter pmi_fifo pmi_fifo_dc pmi_mac pmi_multaddsubsum pmi_multaddsub pmi_mult pmi_ram_dp pmi_ram_dq pmi_rom pmi_sub pmi_ram_dp_be pmi_ram_dq_be pmi_dsp pong.
# Compile success 0 Errors 0 Warnings  Analysis time: 0[s].
# done
vlog -dbg -work work C:/Users/Acer/Desktop/GitHub/ElectroIII/tpf-grupo-3/Radiant/Pong/Collisions/PaddleCollisionController.v
# Pass 1. Scanning modules hierarchy.
# Info: VCP2113 Module \$root found in current working library.
# Pass 2. Processing instantiations.
# Pass 3. Processing behavioral statements.
# ELB/DAG code generating.
# Info: VCP2113 Module \$root found in current working library.
# Unit top modules: PaddleCollisionController.
# $root top modules: pmi_addsub pmi_add pmi_complex_mult pmi_counter pmi_fifo pmi_fifo_dc pmi_mac pmi_multaddsubsum pmi_multaddsub pmi_mult pmi_ram_dp pmi_ram_dq pmi_rom pmi_sub pmi_ram_dp_be pmi_ram_dq_be pmi_dsp pong PaddleCollisionController.
# Compile success 0 Errors 0 Warnings  Analysis time: 0[s].
# done
module pong
# ELBREAD: Elaboration process.
# ELBREAD: Warning: Module 'pll' does not have a `timescale directive, but previous modules do.
# ELBREAD: Warning: Module 'DisplayController' does not have a `timescale directive, but previous modules do.
# ELBREAD: Warning: Module 'GameTickGen' does not have a `timescale directive, but previous modules do.
# ELBREAD: Warning: Module 'CollisionController' does not have a `timescale directive, but previous modules do.
# ELBREAD: Warning: Module 'pll_ipgen_lscc_pll' does not have a `timescale directive, but previous modules do.
# ELBREAD: Warning: Module 'Display_Table_Module' does not have a `timescale directive, but previous modules do.
# ELBREAD: Warning: Module 'Display_Ball_Module' does not have a `timescale directive, but previous modules do.
# ELBREAD: Warning: Module 'Display_Paddle_Module' does not have a `timescale directive, but previous modules do.
# ELBREAD: Warning: Module 'BallCollisionController' does not have a `timescale directive, but previous modules do.
# ELBREAD: Elaboration time 0.0 [s].
vsim +access +r pong -L ovi_ice40up
# ELBREAD: Elaboration process.
# ELBREAD: Warning: Module 'pll' does not have a `timescale directive, but previous modules do.
# ELBREAD: Warning: Module 'DisplayController' does not have a `timescale directive, but previous modules do.
# ELBREAD: Warning: Module 'GameTickGen' does not have a `timescale directive, but previous modules do.
# ELBREAD: Warning: Module 'CollisionController' does not have a `timescale directive, but previous modules do.
# ELBREAD: Warning: Module 'pll_ipgen_lscc_pll' does not have a `timescale directive, but previous modules do.
# ELBREAD: Warning: Module 'Display_Table_Module' does not have a `timescale directive, but previous modules do.
# ELBREAD: Warning: Module 'Display_Ball_Module' does not have a `timescale directive, but previous modules do.
# ELBREAD: Warning: Module 'Display_Paddle_Module' does not have a `timescale directive, but previous modules do.
# ELBREAD: Warning: Module 'BallCollisionController' does not have a `timescale directive, but previous modules do.
# ELBREAD: Elaboration time 0.0 [s].
# VSIM: Stack memory: 32MB
# VSIM: Retval memory: 32MB
# 
# KERNEL: Main thread initiated.
# KERNEL: Kernel process initialization phase.
# KERNEL: Time resolution set to 1ps.
# ELAB2: Elaboration final pass...
# ELAB2: Create instances ...
# ELAB2: Create instances complete.
# SLP: Started
# SLP: Elaboration phase ...
# SLP: Warning: Pong.v (38): Length of connection (32) does not match the length of port "rst_n_i" (1) on instance "/pong/pll_module".
# SLP: Elaboration phase ... done : 0.1 [s]
# SLP: Generation phase ...
# SLP: Generation phase ... done : 0.6 [s]
# SLP: Finished : 0.7 [s]
# SLP: 65 (43.33%) primitives and 85 (56.67%) other processes in SLP
# SLP: 549 (99.82%) signals in SLP and 0 interface signals
# ELAB2: Elaboration final pass complete - time: 0.7 [s].
# KERNEL: SLP loading done - time: 0.0 [s].
# KERNEL: Warning: You are using the Active-HDL Lattice Edition. The performance of simulation is running at a reduced rate.
# KERNEL: Warning: Contact Aldec for available upgrade options - sales@aldec.com.
# KERNEL: SLP simulation initialization done - time: 0.0 [s].
# KERNEL: Kernel process initialization done.
# Allocation: Simulator allocated 5726 kB (elbread=1281 elab2=4311 kernel=133 sdf=0)
# KERNEL: ASDB file was created in location C:\Users\Acer\Desktop\GitHub\ElectroIII\tpf-grupo-3\Radiant\Pong\fszfv\src\wave.asdb
#  5:24 PM, Saturday, November 9, 2019
#  Simulation has been initialized
add wave *
# 30 signal(s) traced.
run 1000ns
# Waveform file 'untitled.awc' connected to 'C:/Users/Acer/Desktop/GitHub/ElectroIII/tpf-grupo-3/Radiant/Pong/fszfv/src/wave.asdb'.
# KERNEL: ************************SBT : Info*****************************
# KERNEL: Note that signal connection to the EXTFEEDBACK port of the PLL must come from INTFBOUT port of PLL.
# KERNEL: ***************************************************************
# KERNEL: ************************SBT : Attention***************************
# KERNEL: Since FEEDBACK_PATH="SIMPLE", the FDA_FEEDBACK value will be ignored
# KERNEL: ******************************************************************
# KERNEL: 
# KERNEL:  32
# KERNEL: stopped at time: 1 us
# KERNEL: stopped at time: 1100 ns
# KERNEL: stopped at time: 1200 ns
# KERNEL: stopped at time: 2200 ns
# KERNEL: stopped at time: 3200 ns
# KERNEL: stopped at time: 4200 ns
# KERNEL: stopped at time: 5200 ns
# KERNEL: stopped at time: 6200 ns
# KERNEL: stopped at time: 7200 ns
# KERNEL: stopped at time: 8200 ns
# KERNEL: stopped at time: 9200 ns
# KERNEL: stopped at time: 10200 ns
# KERNEL: stopped at time: 11200 ns
# KERNEL: stopped at time: 12200 ns
# KERNEL: stopped at time: 13200 ns
# KERNEL: stopped at time: 14200 ns
# KERNEL: stopped at time: 15200 ns
# KERNEL: stopped at time: 16200 ns
# KERNEL: stopped at time: 17200 ns
# KERNEL: stopped at time: 18200 ns
# KERNEL: stopped at time: 19200 ns
# KERNEL: stopped at time: 20200 ns
# KERNEL: stopped at time: 30200 ns
# KERNEL: stopped at time: 40200 ns
# KERNEL: stopped at time: 50200 ns
# KERNEL: stopped at time: 150200 ns
# KERNEL: stopped at time: 250200 ns
# KERNEL: stopped at time: 350200 ns
# KERNEL: stopped at time: 450200 ns
# KERNEL: stopped at time: 550200 ns
# KERNEL: stopped at time: 650200 ns
# KERNEL: stopped at time: 750200 ns
# KERNEL: stopped at time: 850200 ns
# KERNEL: stopped at time: 950200 ns
# KERNEL: stopped at time: 1050200 ns
# KERNEL: stopped at time: 1150200 ns
# KERNEL: stopped at time: 1250200 ns
