designverincludedir -clear
designverlibrarysim -PL -clear
designverlibrarysim -L -clear
designverlibrarysim ovi_ice40up
designverdefinemacro -clear
addfile C:/lscc/radiant/1.1/ip/pmi/pmi_iCE40UP.v
# Adding file C:\lscc\radiant\1.1\ip\pmi\pmi_iCE40UP.v ... Done
addfile C:/Users/Acer/Desktop/GitHub/ElectroIII/tpf-grupo-3/Radiant/Pong/VGAController/VSync_Counter.v
# Adding file C:\Users\Acer\Desktop\GitHub\ElectroIII\tpf-grupo-3\Radiant\Pong\VGAController\VSync_Counter.v ... Done
addfile C:/Users/Acer/Desktop/GitHub/ElectroIII/tpf-grupo-3/Radiant/Pong/VGAController/HSync_Counter.v
# Adding file C:\Users\Acer\Desktop\GitHub\ElectroIII\tpf-grupo-3\Radiant\Pong\VGAController\HSync_Counter.v ... Done
addfile C:/Users/Acer/Desktop/GitHub/ElectroIII/tpf-grupo-3/Radiant/Pong/VGAController/Controller.v
# Adding file C:\Users\Acer\Desktop\GitHub\ElectroIII\tpf-grupo-3\Radiant\Pong\VGAController\Controller.v ... Done
addfile C:/Users/Acer/Desktop/GitHub/ElectroIII/tpf-grupo-3/Radiant/Pong/Collisions/BallCollisionController.v
# Adding file C:\Users\Acer\Desktop\GitHub\ElectroIII\tpf-grupo-3\Radiant\Pong\Collisions\BallCollisionController.v ... Done
addfile C:/Users/Acer/Desktop/GitHub/ElectroIII/tpf-grupo-3/Radiant/Pong/Collisions/CollisionController.v
# Adding file C:\Users\Acer\Desktop\GitHub\ElectroIII\tpf-grupo-3\Radiant\Pong\Collisions\CollisionController.v ... Done
addfile C:/Users/Acer/Desktop/GitHub/ElectroIII/tpf-grupo-3/Radiant/Pong/GameTickGenerator/GameTickGenerator.v
# Adding file C:\Users\Acer\Desktop\GitHub\ElectroIII\tpf-grupo-3\Radiant\Pong\GameTickGenerator\GameTickGenerator.v ... Done
addfile C:/Users/Acer/Desktop/GitHub/ElectroIII/tpf-grupo-3/Radiant/Pong/pll/rtl/pll.v
# Adding file C:\Users\Acer\Desktop\GitHub\ElectroIII\tpf-grupo-3\Radiant\Pong\pll\rtl\pll.v ... Done
addfile C:/Users/Acer/Desktop/GitHub/ElectroIII/tpf-grupo-3/Radiant/Pong/Pong.v
# Adding file C:\Users\Acer\Desktop\GitHub\ElectroIII\tpf-grupo-3\Radiant\Pong\Pong.v ... Done
addfile C:/Users/Acer/Desktop/GitHub/ElectroIII/tpf-grupo-3/Radiant/Pong/DisplayController/PaddleModule.v
# Adding file C:\Users\Acer\Desktop\GitHub\ElectroIII\tpf-grupo-3\Radiant\Pong\DisplayController\PaddleModule.v ... Done
addfile C:/Users/Acer/Desktop/GitHub/ElectroIII/tpf-grupo-3/Radiant/Pong/DisplayController/BallModule.v
# Adding file C:\Users\Acer\Desktop\GitHub\ElectroIII\tpf-grupo-3\Radiant\Pong\DisplayController\BallModule.v ... Done
addfile C:/Users/Acer/Desktop/GitHub/ElectroIII/tpf-grupo-3/Radiant/Pong/DisplayController/TableModule.v
# Adding file C:\Users\Acer\Desktop\GitHub\ElectroIII\tpf-grupo-3\Radiant\Pong\DisplayController\TableModule.v ... Done
addfile C:/Users/Acer/Desktop/GitHub/ElectroIII/tpf-grupo-3/Radiant/Pong/DisplayController/DisplayController.v
# Adding file C:\Users\Acer\Desktop\GitHub\ElectroIII\tpf-grupo-3\Radiant\Pong\DisplayController\DisplayController.v ... Done
addfile C:/Users/Acer/Desktop/GitHub/ElectroIII/tpf-grupo-3/Radiant/Pong/Collisions/PaddleCollisionController.v
# Adding file C:\Users\Acer\Desktop\GitHub\ElectroIII\tpf-grupo-3\Radiant\Pong\Collisions\PaddleCollisionController.v ... Done
vlib C:/Users/Acer/Desktop/GitHub/ElectroIII/tpf-grupo-3/Radiant/Pong/ayche/work
# Warning: Library work already exists
adel -all
# Library contents cleared.
vlib pmi
# Warning: Library pmi already exists
vcom -work pmi C:/lscc/radiant/1.1/ip/pmi/pmi_iCE40UP.vhd
# Warning: DAGGEN_0523: The source is compiled without the -dbg switch. Line breakpoints and assertion debug will not be available.
# File: C:\lscc\radiant\1.1\ip\pmi\pmi_iCE40UP.vhd
# Compile Package "components"
# Compile success 0 Errors 0 Warnings  Analysis time :  94.0 [ms]
vlog -dbg -work work C:/lscc/radiant/1.1/ip/pmi/pmi_iCE40UP.v
# Pass 1. Scanning modules hierarchy.
# Pass 2. Processing instantiations.
# Pass 3. Processing behavioral statements.
# ELB/DAG code generating.
# Unit top modules: pmi_addsub pmi_add pmi_complex_mult pmi_counter pmi_fifo pmi_fifo_dc pmi_mac pmi_multaddsubsum pmi_multaddsub pmi_mult pmi_ram_dp pmi_ram_dq pmi_rom pmi_sub pmi_ram_dp_be pmi_ram_dq_be pmi_dsp.
# $root top modules: pmi_addsub pmi_add pmi_complex_mult pmi_counter pmi_fifo pmi_fifo_dc pmi_mac pmi_multaddsubsum pmi_multaddsub pmi_mult pmi_ram_dp pmi_ram_dq pmi_rom pmi_sub pmi_ram_dp_be pmi_ram_dq_be pmi_dsp.
# Compile success 0 Errors 0 Warnings  Analysis time: 2[s].
# done
vlog -dbg -work work C:/Users/Acer/Desktop/GitHub/ElectroIII/tpf-grupo-3/Radiant/Pong/VGAController/VSync_Counter.v
# Pass 1. Scanning modules hierarchy.
# Info: VCP2113 Module \$root found in current working library.
# Pass 2. Processing instantiations.
# Pass 3. Processing behavioral statements.
# ELB/DAG code generating.
# Info: VCP2113 Module \$root found in current working library.
# Unit top modules: VSync_Counter.
# $root top modules: pmi_addsub pmi_add pmi_complex_mult pmi_counter pmi_fifo pmi_fifo_dc pmi_mac pmi_multaddsubsum pmi_multaddsub pmi_mult pmi_ram_dp pmi_ram_dq pmi_rom pmi_sub pmi_ram_dp_be pmi_ram_dq_be pmi_dsp VSync_Counter.
# Compile success 0 Errors 0 Warnings  Analysis time: 0[s].
# done
vlog -dbg -work work C:/Users/Acer/Desktop/GitHub/ElectroIII/tpf-grupo-3/Radiant/Pong/VGAController/HSync_Counter.v
# Pass 1. Scanning modules hierarchy.
# Info: VCP2113 Module \$root found in current working library.
# Pass 2. Processing instantiations.
# Pass 3. Processing behavioral statements.
# ELB/DAG code generating.
# Info: VCP2113 Module \$root found in current working library.
# Unit top modules: HSync_Counter.
# $root top modules: pmi_addsub pmi_add pmi_complex_mult pmi_counter pmi_fifo pmi_fifo_dc pmi_mac pmi_multaddsubsum pmi_multaddsub pmi_mult pmi_ram_dp pmi_ram_dq pmi_rom pmi_sub pmi_ram_dp_be pmi_ram_dq_be pmi_dsp VSync_Counter HSync_Counter.
# Compile success 0 Errors 0 Warnings  Analysis time: 0[s].
# done
vlog -dbg -work work C:/Users/Acer/Desktop/GitHub/ElectroIII/tpf-grupo-3/Radiant/Pong/VGAController/Controller.v
# Pass 1. Scanning modules hierarchy.
# Info: VCP2113 Module \$root found in current working library.
# Info: VCP2113 Module HSync_Counter found in current working library.
# Info: VCP2113 Module VSync_Counter found in current working library.
# Pass 2. Processing instantiations.
# Pass 3. Processing behavioral statements.
# ELB/DAG code generating.
# Info: VCP2113 Module \$root found in current working library.
# Unit top modules: VGAController.
# $root top modules: pmi_addsub pmi_add pmi_complex_mult pmi_counter pmi_fifo pmi_fifo_dc pmi_mac pmi_multaddsubsum pmi_multaddsub pmi_mult pmi_ram_dp pmi_ram_dq pmi_rom pmi_sub pmi_ram_dp_be pmi_ram_dq_be pmi_dsp VGAController.
# Compile success 0 Errors 0 Warnings  Analysis time: 0[s].
# done
vlog -dbg -work work C:/Users/Acer/Desktop/GitHub/ElectroIII/tpf-grupo-3/Radiant/Pong/Collisions/BallCollisionController.v
# Pass 1. Scanning modules hierarchy.
# Info: VCP2113 Module \$root found in current working library.
# Pass 2. Processing instantiations.
# Pass 3. Processing behavioral statements.
# ELB/DAG code generating.
# Info: VCP2113 Module \$root found in current working library.
# Unit top modules: BallCollisionController.
# $root top modules: pmi_addsub pmi_add pmi_complex_mult pmi_counter pmi_fifo pmi_fifo_dc pmi_mac pmi_multaddsubsum pmi_multaddsub pmi_mult pmi_ram_dp pmi_ram_dq pmi_rom pmi_sub pmi_ram_dp_be pmi_ram_dq_be pmi_dsp VGAController BallCollisionController.
# Compile success 0 Errors 0 Warnings  Analysis time: 0[s].
# done
vlog -dbg -work work C:/Users/Acer/Desktop/GitHub/ElectroIII/tpf-grupo-3/Radiant/Pong/Collisions/CollisionController.v
# Pass 1. Scanning modules hierarchy.
# Info: VCP2113 Module \$root found in current working library.
# Info: VCP2113 Module BallCollisionController found in current working library.
# Pass 2. Processing instantiations.
# Pass 3. Processing behavioral statements.
# ELB/DAG code generating.
# Info: VCP2113 Module \$root found in current working library.
# Unit top modules: CollisionController.
# $root top modules: pmi_addsub pmi_add pmi_complex_mult pmi_counter pmi_fifo pmi_fifo_dc pmi_mac pmi_multaddsubsum pmi_multaddsub pmi_mult pmi_ram_dp pmi_ram_dq pmi_rom pmi_sub pmi_ram_dp_be pmi_ram_dq_be pmi_dsp VGAController CollisionController.
# Compile success 0 Errors 0 Warnings  Analysis time: 0[s].
# done
vlog -dbg -work work C:/Users/Acer/Desktop/GitHub/ElectroIII/tpf-grupo-3/Radiant/Pong/GameTickGenerator/GameTickGenerator.v
# Pass 1. Scanning modules hierarchy.
# Info: VCP2113 Module \$root found in current working library.
# Pass 2. Processing instantiations.
# Pass 3. Processing behavioral statements.
# ELB/DAG code generating.
# Info: VCP2113 Module \$root found in current working library.
# Unit top modules: GameTickGen.
# $root top modules: pmi_addsub pmi_add pmi_complex_mult pmi_counter pmi_fifo pmi_fifo_dc pmi_mac pmi_multaddsubsum pmi_multaddsub pmi_mult pmi_ram_dp pmi_ram_dq pmi_rom pmi_sub pmi_ram_dp_be pmi_ram_dq_be pmi_dsp VGAController CollisionController GameTickGen.
# Compile success 0 Errors 0 Warnings  Analysis time: 0[s].
# done
vlog -dbg -work work C:/Users/Acer/Desktop/GitHub/ElectroIII/tpf-grupo-3/Radiant/Pong/pll/rtl/pll.v
# Pass 1. Scanning modules hierarchy.
# Info: VCP2113 Module \$root found in current working library.
# Pass 2. Processing instantiations.
# Pass 3. Processing behavioral statements.
# ELB/DAG code generating.
# Info: VCP2113 Module \$root found in current working library.
# Unit top modules: pll.
# $root top modules: pmi_addsub pmi_add pmi_complex_mult pmi_counter pmi_fifo pmi_fifo_dc pmi_mac pmi_multaddsubsum pmi_multaddsub pmi_mult pmi_ram_dp pmi_ram_dq pmi_rom pmi_sub pmi_ram_dp_be pmi_ram_dq_be pmi_dsp VGAController CollisionController GameTickGen pll.
# Compile success 0 Errors 0 Warnings  Analysis time: 0[s].
# done
vlog -dbg -work work C:/Users/Acer/Desktop/GitHub/ElectroIII/tpf-grupo-3/Radiant/Pong/Pong.v
# Pass 1. Scanning modules hierarchy.
# Info: VCP2113 Module \$root found in current working library.
# Info: VCP2113 Module pll found in current working library.
# Info: VCP2113 Module GameTickGen found in current working library.
# Info: VCP2113 Module CollisionController found in current working library.
# Pass 2. Processing instantiations.
# Info: VCP2876 Pong.v : (46, 43): Implicit net declaration, symbol game_clk has not been declared in module pong.
# Pass 3. Processing behavioral statements.
# ELB/DAG code generating.
# Info: VCP2113 Module \$root found in current working library.
# Unit top modules: pong.
# $root top modules: pmi_addsub pmi_add pmi_complex_mult pmi_counter pmi_fifo pmi_fifo_dc pmi_mac pmi_multaddsubsum pmi_multaddsub pmi_mult pmi_ram_dp pmi_ram_dq pmi_rom pmi_sub pmi_ram_dp_be pmi_ram_dq_be pmi_dsp VGAController pong.
# Compile success 0 Errors 0 Warnings  Analysis time: 0[s].
# done
vlog -dbg -work work C:/Users/Acer/Desktop/GitHub/ElectroIII/tpf-grupo-3/Radiant/Pong/DisplayController/PaddleModule.v
# Pass 1. Scanning modules hierarchy.
# Info: VCP2113 Module \$root found in current working library.
# Pass 2. Processing instantiations.
# Pass 3. Processing behavioral statements.
# ELB/DAG code generating.
# Info: VCP2113 Module \$root found in current working library.
# Unit top modules: Display_Paddle_Module.
# $root top modules: pmi_addsub pmi_add pmi_complex_mult pmi_counter pmi_fifo pmi_fifo_dc pmi_mac pmi_multaddsubsum pmi_multaddsub pmi_mult pmi_ram_dp pmi_ram_dq pmi_rom pmi_sub pmi_ram_dp_be pmi_ram_dq_be pmi_dsp VGAController pong Display_Paddle_Module.
# Compile success 0 Errors 0 Warnings  Analysis time: 0[s].
# done
vlog -dbg -work work C:/Users/Acer/Desktop/GitHub/ElectroIII/tpf-grupo-3/Radiant/Pong/DisplayController/BallModule.v
# Pass 1. Scanning modules hierarchy.
# Info: VCP2113 Module \$root found in current working library.
# Pass 2. Processing instantiations.
# Pass 3. Processing behavioral statements.
# ELB/DAG code generating.
# Info: VCP2113 Module \$root found in current working library.
# Unit top modules: Display_Ball_Module.
# $root top modules: pmi_addsub pmi_add pmi_complex_mult pmi_counter pmi_fifo pmi_fifo_dc pmi_mac pmi_multaddsubsum pmi_multaddsub pmi_mult pmi_ram_dp pmi_ram_dq pmi_rom pmi_sub pmi_ram_dp_be pmi_ram_dq_be pmi_dsp VGAController pong Display_Paddle_Module Display_Ball_Module.
# Compile success 0 Errors 0 Warnings  Analysis time: 0[s].
# done
vlog -dbg -work work C:/Users/Acer/Desktop/GitHub/ElectroIII/tpf-grupo-3/Radiant/Pong/DisplayController/TableModule.v
# Pass 1. Scanning modules hierarchy.
# Info: VCP2113 Module \$root found in current working library.
# Pass 2. Processing instantiations.
# Pass 3. Processing behavioral statements.
# ELB/DAG code generating.
# Info: VCP2113 Module \$root found in current working library.
# Unit top modules: Display_Table_Module.
# $root top modules: pmi_addsub pmi_add pmi_complex_mult pmi_counter pmi_fifo pmi_fifo_dc pmi_mac pmi_multaddsubsum pmi_multaddsub pmi_mult pmi_ram_dp pmi_ram_dq pmi_rom pmi_sub pmi_ram_dp_be pmi_ram_dq_be pmi_dsp VGAController pong Display_Paddle_Module Display_Ball_Module Display_Table_Module.
# Compile success 0 Errors 0 Warnings  Analysis time: 0[s].
# done
vlog -dbg -work work C:/Users/Acer/Desktop/GitHub/ElectroIII/tpf-grupo-3/Radiant/Pong/DisplayController/DisplayController.v
# Pass 1. Scanning modules hierarchy.
# Info: VCP2113 Module \$root found in current working library.
# Info: VCP2113 Module Display_Table_Module found in current working library.
# Info: VCP2113 Module Display_Ball_Module found in current working library.
# Info: VCP2113 Module Display_Paddle_Module found in current working library.
# Pass 2. Processing instantiations.
# Info: VCP2876 DisplayController/DisplayController.v : (27, 99): Implicit net declaration, symbol pixval_tabledriven has not been declared in module DisplayController.
# Info: VCP2876 DisplayController/DisplayController.v : (28, 102): Implicit net declaration, symbol pixval_balldriven has not been declared in module DisplayController.
# Info: VCP2876 DisplayController/DisplayController.v : (29, 120): Implicit net declaration, symbol pixval_paddleAdriven has not been declared in module DisplayController.
# Info: VCP2876 DisplayController/DisplayController.v : (30, 120): Implicit net declaration, symbol pixval_paddleBdriven has not been declared in module DisplayController.
# Pass 3. Processing behavioral statements.
# ELB/DAG code generating.
# Info: VCP2113 Module \$root found in current working library.
# Unit top modules: DisplayController.
# $root top modules: pmi_addsub pmi_add pmi_complex_mult pmi_counter pmi_fifo pmi_fifo_dc pmi_mac pmi_multaddsubsum pmi_multaddsub pmi_mult pmi_ram_dp pmi_ram_dq pmi_rom pmi_sub pmi_ram_dp_be pmi_ram_dq_be pmi_dsp VGAController pong DisplayController.
# Compile success 0 Errors 0 Warnings  Analysis time: 0[s].
# done
vlog -dbg -work work C:/Users/Acer/Desktop/GitHub/ElectroIII/tpf-grupo-3/Radiant/Pong/Collisions/PaddleCollisionController.v
# Pass 1. Scanning modules hierarchy.
# Info: VCP2113 Module \$root found in current working library.
# Pass 2. Processing instantiations.
# Pass 3. Processing behavioral statements.
# ELB/DAG code generating.
# Info: VCP2113 Module \$root found in current working library.
# Unit top modules: PaddleCollisionController.
# $root top modules: pmi_addsub pmi_add pmi_complex_mult pmi_counter pmi_fifo pmi_fifo_dc pmi_mac pmi_multaddsubsum pmi_multaddsub pmi_mult pmi_ram_dp pmi_ram_dq pmi_rom pmi_sub pmi_ram_dp_be pmi_ram_dq_be pmi_dsp VGAController pong DisplayController PaddleCollisionController.
# Compile success 0 Errors 0 Warnings  Analysis time: 0[s].
# done
module pong
# ELBREAD: Elaboration process.
# ELBREAD: Warning: Module 'pll' does not have a `timescale directive, but previous modules do.
# ELBREAD: Warning: Module 'GameTickGen' does not have a `timescale directive, but previous modules do.
# ELBREAD: Warning: Module 'CollisionController' does not have a `timescale directive, but previous modules do.
# ELBREAD: Warning: Module 'pll_ipgen_lscc_pll' does not have a `timescale directive, but previous modules do.
# ELBREAD: Warning: Module 'BallCollisionController' does not have a `timescale directive, but previous modules do.
# ELBREAD: Elaboration time 0.0 [s].
vsim +access +r pong -L ovi_ice40up
# ELBREAD: Elaboration process.
# ELBREAD: Warning: Module 'pll' does not have a `timescale directive, but previous modules do.
# ELBREAD: Warning: Module 'GameTickGen' does not have a `timescale directive, but previous modules do.
# ELBREAD: Warning: Module 'CollisionController' does not have a `timescale directive, but previous modules do.
# ELBREAD: Warning: Module 'pll_ipgen_lscc_pll' does not have a `timescale directive, but previous modules do.
# ELBREAD: Warning: Module 'BallCollisionController' does not have a `timescale directive, but previous modules do.
# ELBREAD: Elaboration time 0.0 [s].
# VSIM: Stack memory: 32MB
# VSIM: Retval memory: 32MB
# 
# KERNEL: Main thread initiated.
# KERNEL: Kernel process initialization phase.
# KERNEL: Time resolution set to 1ps.
# ELAB2: Elaboration final pass...
# ELAB2: Create instances ...
# ELAB2: Create instances complete.
# SLP: Started
# SLP: Elaboration phase ...
# SLP: Warning: Pong.v (38): Length of connection (32) does not match the length of port "rst_n_i" (1) on instance "/pong/pll_module".
# SLP: Elaboration phase ... done : 0.1 [s]
# SLP: Generation phase ...
# SLP: Generation phase ... done : 0.6 [s]
# SLP: Finished : 0.7 [s]
# SLP: 65 (47.10%) primitives and 73 (52.90%) other processes in SLP
# SLP: 482 (99.79%) signals in SLP and 0 interface signals
# ELAB2: Elaboration final pass complete - time: 0.7 [s].
# KERNEL: SLP loading done - time: 0.0 [s].
# KERNEL: Warning: You are using the Active-HDL Lattice Edition. The performance of simulation is running at a reduced rate.
# KERNEL: Warning: Contact Aldec for available upgrade options - sales@aldec.com.
# KERNEL: SLP simulation initialization done - time: 0.0 [s].
# KERNEL: Kernel process initialization done.
# Allocation: Simulator allocated 5715 kB (elbread=1281 elab2=4300 kernel=133 sdf=0)
# KERNEL: ASDB file was created in location C:\Users\Acer\Desktop\GitHub\ElectroIII\tpf-grupo-3\Radiant\Pong\ayche\src\wave.asdb
#  4:42 PM, Saturday, November 9, 2019
#  Simulation has been initialized
add wave *
# 30 signal(s) traced.
run 1000ns
# Waveform file 'untitled.awc' connected to 'C:/Users/Acer/Desktop/GitHub/ElectroIII/tpf-grupo-3/Radiant/Pong/ayche/src/wave.asdb'.
# KERNEL: ************************SBT : Info*****************************
# KERNEL: Note that signal connection to the EXTFEEDBACK port of the PLL must come from INTFBOUT port of PLL.
# KERNEL: ***************************************************************
# KERNEL: ************************SBT : Attention***************************
# KERNEL: Since FEEDBACK_PATH="SIMPLE", the FDA_FEEDBACK value will be ignored
# KERNEL: ******************************************************************
# KERNEL: stopped at time: 1 us
# KERNEL: stopped at time: 2 us
# KERNEL: stopped at time: 3 us
# KERNEL: stopped at time: 4 us
# KERNEL: stopped at time: 5 us
# KERNEL: stopped at time: 6 us
# KERNEL: stopped at time: 7 us
# KERNEL: stopped at time: 8 us
# KERNEL: stopped at time: 9 us
# KERNEL: stopped at time: 10 us
# KERNEL: stopped at time: 11 us
# KERNEL: stopped at time: 12 us
# KERNEL: stopped at time: 13 us
# KERNEL: stopped at time: 14 us
# KERNEL: stopped at time: 15 us
# KERNEL: stopped at time: 16 us
# KERNEL: stopped at time: 17 us
# KERNEL: stopped at time: 18 us
# KERNEL: stopped at time: 19 us
# KERNEL: stopped at time: 20 us
# KERNEL: stopped at time: 21 us
# KERNEL: stopped at time: 31 us
# KERNEL: stopped at time: 41 us
# KERNEL: stopped at time: 51 us
# KERNEL: stopped at time: 61 us
# KERNEL: stopped at time: 71 us
# KERNEL: stopped at time: 81 us
# KERNEL: stopped at time: 91 us
# KERNEL: stopped at time: 101 us
# KERNEL: stopped at time: 111 us
# KERNEL: stopped at time: 121 us
# KERNEL: stopped at time: 131 us
# KERNEL: stopped at time: 141 us
# KERNEL: stopped at time: 151 us
# KERNEL: stopped at time: 161 us
# KERNEL: stopped at time: 171 us
# KERNEL: stopped at time: 271 us
# KERNEL: stopped at time: 371 us
# KERNEL: stopped at time: 471 us
# KERNEL: stopped at time: 481 us
# KERNEL: stopped at time: 491 us
# KERNEL: stopped at time: 492 us
# KERNEL: stopped at time: 493 us
# KERNEL: stopped at time: 494 us
# KERNEL: stopped at time: 495 us
# KERNEL: stopped at time: 496 us
# KERNEL: stopped at time: 497 us
# KERNEL: stopped at time: 498 us
# KERNEL: stopped at time: 499 us
# KERNEL: stopped at time: 500 us
# KERNEL: stopped at time: 501 us
# KERNEL: stopped at time: 502 us
# KERNEL: stopped at time: 503 us
# KERNEL: stopped at time: 504 us
# KERNEL: stopped at time: 505 us
# KERNEL: stopped at time: 506 us
# KERNEL: stopped at time: 507 us
# KERNEL: stopped at time: 508 us
# KERNEL: stopped at time: 508100 ns
# KERNEL: stopped at time: 508200 ns
# KERNEL: stopped at time: 508300 ns
# KERNEL: stopped at time: 508400 ns
# KERNEL: stopped at time: 508500 ns
# KERNEL: stopped at time: 508600 ns
# KERNEL: stopped at time: 508700 ns
# KERNEL: stopped at time: 508800 ns
# KERNEL: stopped at time: 508900 ns
# KERNEL: stopped at time: 509 us
# KERNEL: stopped at time: 509100 ns
# KERNEL: stopped at time: 509200 ns
# KERNEL: stopped at time: 509300 ns
# KERNEL: stopped at time: 509400 ns
# KERNEL: stopped at time: 509500 ns
# KERNEL: stopped at time: 509600 ns
# KERNEL: stopped at time: 509700 ns
# KERNEL: stopped at time: 510700 ns
# KERNEL: stopped at time: 511700 ns
# KERNEL: stopped at time: 512700 ns
# KERNEL: stopped at time: 513700 ns
# KERNEL: stopped at time: 514700 ns
# KERNEL: stopped at time: 515700 ns
# KERNEL: stopped at time: 516700 ns
# KERNEL: stopped at time: 517700 ns
# KERNEL: stopped at time: 518700 ns
# KERNEL: stopped at time: 519700 ns
# KERNEL: stopped at time: 520700 ns
# KERNEL: stopped at time: 521700 ns
# KERNEL: stopped at time: 522700 ns
# KERNEL: stopped at time: 523700 ns
# KERNEL: stopped at time: 524700 ns
# KERNEL: stopped at time: 525700 ns
# KERNEL: stopped at time: 526700 ns
# KERNEL: stopped at time: 527700 ns
# KERNEL: stopped at time: 528700 ns
# KERNEL: stopped at time: 529700 ns
# KERNEL: stopped at time: 530700 ns
# KERNEL: stopped at time: 531700 ns
# KERNEL: stopped at time: 532700 ns
# KERNEL: stopped at time: 533700 ns
# KERNEL: stopped at time: 534700 ns
# KERNEL: stopped at time: 535700 ns
# KERNEL: stopped at time: 536700 ns
# KERNEL: stopped at time: 537700 ns
# KERNEL: stopped at time: 538700 ns
# KERNEL: stopped at time: 539700 ns
# KERNEL: stopped at time: 540700 ns
# KERNEL: stopped at time: 541700 ns
# KERNEL: stopped at time: 542700 ns
# KERNEL: stopped at time: 543700 ns
# KERNEL: stopped at time: 544700 ns
# KERNEL: stopped at time: 545700 ns
# KERNEL: stopped at time: 546700 ns
# KERNEL: stopped at time: 547700 ns
# KERNEL: stopped at time: 548700 ns
# KERNEL: stopped at time: 549700 ns
# KERNEL: stopped at time: 550700 ns
# KERNEL: stopped at time: 551700 ns
# KERNEL: stopped at time: 552700 ns
# KERNEL: stopped at time: 562700 ns
# KERNEL: stopped at time: 572700 ns
# KERNEL: stopped at time: 582700 ns
# KERNEL: stopped at time: 592700 ns
# KERNEL: stopped at time: 602700 ns
# KERNEL: stopped at time: 612700 ns
# KERNEL: stopped at time: 622700 ns
# KERNEL: stopped at time: 632700 ns
# KERNEL: stopped at time: 642700 ns
# KERNEL: stopped at time: 652700 ns
# KERNEL: stopped at time: 662700 ns
# KERNEL: stopped at time: 672700 ns
# KERNEL: stopped at time: 682700 ns
# KERNEL: stopped at time: 692700 ns
# KERNEL: stopped at time: 702700 ns
# KERNEL: stopped at time: 712700 ns
# KERNEL: stopped at time: 722700 ns
# KERNEL: stopped at time: 732700 ns
# KERNEL: stopped at time: 742700 ns
# KERNEL: stopped at time: 752700 ns
# KERNEL: stopped at time: 762700 ns
# KERNEL: stopped at time: 763700 ns
# KERNEL: stopped at time: 764700 ns
# KERNEL: stopped at time: 765700 ns
# KERNEL: stopped at time: 766700 ns
# KERNEL: stopped at time: 767700 ns
# KERNEL: stopped at time: 768700 ns
# KERNEL: stopped at time: 769700 ns
# KERNEL: stopped at time: 770700 ns
# KERNEL: stopped at time: 771700 ns
# KERNEL: stopped at time: 772700 ns
# KERNEL: stopped at time: 773700 ns
# KERNEL: stopped at time: 774700 ns
# KERNEL: stopped at time: 775700 ns
# KERNEL: stopped at time: 776700 ns
# KERNEL: stopped at time: 777700 ns
# KERNEL: stopped at time: 778700 ns
# KERNEL: stopped at time: 779700 ns
# KERNEL: stopped at time: 780700 ns
# KERNEL: stopped at time: 781700 ns
# KERNEL: stopped at time: 782700 ns
# KERNEL: stopped at time: 783700 ns
# KERNEL: stopped at time: 784700 ns
# KERNEL: stopped at time: 785700 ns
# KERNEL: stopped at time: 786700 ns
# KERNEL: stopped at time: 787700 ns
# KERNEL: stopped at time: 788700 ns
# KERNEL: stopped at time: 789700 ns
# KERNEL: stopped at time: 790700 ns
# KERNEL: stopped at time: 791700 ns
# KERNEL: stopped at time: 792700 ns
# KERNEL: stopped at time: 793700 ns
# KERNEL: stopped at time: 794700 ns
# KERNEL: stopped at time: 795700 ns
# KERNEL: stopped at time: 796700 ns
# KERNEL: stopped at time: 797700 ns
# KERNEL: stopped at time: 798700 ns
# KERNEL: stopped at time: 799700 ns
# KERNEL: stopped at time: 800700 ns
# KERNEL: stopped at time: 801700 ns
# KERNEL: stopped at time: 802700 ns
# KERNEL: stopped at time: 803700 ns
# KERNEL: stopped at time: 813700 ns
# KERNEL: stopped at time: 823700 ns
# KERNEL: stopped at time: 923700 ns
# KERNEL: stopped at time: 1023700 ns
# KERNEL: stopped at time: 1123700 ns
# KERNEL: stopped at time: 1133700 ns
# KERNEL: stopped at time: 1143700 ns
# KERNEL: stopped at time: 1153700 ns
# KERNEL: stopped at time: 1163700 ns
# KERNEL: stopped at time: 1173700 ns
# KERNEL: stopped at time: 1174700 ns
# KERNEL: stopped at time: 1175700 ns
# KERNEL: stopped at time: 1176700 ns
# KERNEL: stopped at time: 1177700 ns
# KERNEL: stopped at time: 1178700 ns
# KERNEL: stopped at time: 1179700 ns
# KERNEL: stopped at time: 1180700 ns
# KERNEL: stopped at time: 1181700 ns
# KERNEL: stopped at time: 1182700 ns
# KERNEL: stopped at time: 1183700 ns
# KERNEL: stopped at time: 1184700 ns
# KERNEL: stopped at time: 1185700 ns
# KERNEL: stopped at time: 1186700 ns
# KERNEL: stopped at time: 1187700 ns
# KERNEL: stopped at time: 1188700 ns
# KERNEL: stopped at time: 1189700 ns
# KERNEL: stopped at time: 1190700 ns
# KERNEL: stopped at time: 1191700 ns
# KERNEL: stopped at time: 1192700 ns
# KERNEL: stopped at time: 1193700 ns
# KERNEL: stopped at time: 1194700 ns
# KERNEL: stopped at time: 1195700 ns
# KERNEL: stopped at time: 1196700 ns
# KERNEL: stopped at time: 1197700 ns
# KERNEL: stopped at time: 1198700 ns
# KERNEL: stopped at time: 1199700 ns
# KERNEL: stopped at time: 1200700 ns
# KERNEL: stopped at time: 1201700 ns
# KERNEL: stopped at time: 1202700 ns
# KERNEL: stopped at time: 1203700 ns
# KERNEL: stopped at time: 1204700 ns
# KERNEL: stopped at time: 1205700 ns
# KERNEL: stopped at time: 1206700 ns
# KERNEL: stopped at time: 1207700 ns
# KERNEL: stopped at time: 1208700 ns
# KERNEL: stopped at time: 1209700 ns
# KERNEL: stopped at time: 1210700 ns
# KERNEL: stopped at time: 1211700 ns
# KERNEL: stopped at time: 1212700 ns
# KERNEL: stopped at time: 1213700 ns
# KERNEL: stopped at time: 1214700 ns
# KERNEL: stopped at time: 1215700 ns
# KERNEL: stopped at time: 1216700 ns
# KERNEL: stopped at time: 1217700 ns
# KERNEL: stopped at time: 1218700 ns
# KERNEL: stopped at time: 1219700 ns
# KERNEL: stopped at time: 1220700 ns
# KERNEL: stopped at time: 1221700 ns
# KERNEL: stopped at time: 1222700 ns
# KERNEL: stopped at time: 1223700 ns
# KERNEL: stopped at time: 1224700 ns
# KERNEL: stopped at time: 1225700 ns
# KERNEL: stopped at time: 1226700 ns
# KERNEL: stopped at time: 1227700 ns
# KERNEL: stopped at time: 1228700 ns
# KERNEL: stopped at time: 1229700 ns
# KERNEL: stopped at time: 1230700 ns
# KERNEL: stopped at time: 1231700 ns
# KERNEL: stopped at time: 1232700 ns
# KERNEL: stopped at time: 1233700 ns
# KERNEL: stopped at time: 1234700 ns
# KERNEL: stopped at time: 1235700 ns
# KERNEL: stopped at time: 1236700 ns
# KERNEL: stopped at time: 1237700 ns
